<?xml version="1.0" encoding="UTF-8"?>
<!-- Generated by org.testng.reporters.JUnitReportReporter -->
<testsuite hostname="DESKTOP-9TI9S2H" failures="0" tests="1" name="stepDefinitions.PropertiesDemo" time="0.017" errors="0" timestamp="2023-10-31T17:45:28 IST" skipped="0">
  <testcase classname="stepDefinitions.PropertiesDemo" name="titleGet" time="0.017"/>
</testsuite> <!-- stepDefinitions.PropertiesDemo -->
